<?xml version="1.0" encoding="UTF-8"?>
<!-- Generated by org.testng.reporters.JUnitXMLReporter -->
<testsuite ignored="18" hostname="MSI" failures="0" tests="7" name="TC01 test sign up flow" time="16.21" errors="0" timestamp="2025-05-25T15:50:48 EEST">
  <testcase classname="testcases.TC01_HomePage" name="verifyHomePageAndClickSignUpOrLogin_P" time="2.774"/>
  <testcase classname="testcases.TC02_SignUpOrLoginPage" name="verifySignupPageVisable" time="0.03"/>
  <testcase classname="testcases.TC02_SignUpOrLoginPage" name="isNewUserSignUpTextDisplayed_P" time="1.436"/>
  <testcase classname="testcases.TC03_RegisterAccountInformationPage" name="verifyAccountInformationSectionVisible" time="0.193"/>
  <testcase classname="testcases.TC03_RegisterAccountInformationPage" name="fillAndSubmitRegistrationForm" time="4.449"/>
  <testcase classname="testcases.TC04_AccountCreatedPage" name="verifyAccountCreatedAndClickContinue" time="2.873"/>
  <testcase classname="testcases.TC05_DeleteAccountPage" name="verifyAccountDeletedAndClickContinue" time="0.195"/>
  <testcase classname="testcases.TestBase" name="@AfterSuite afterSuite" time="0.0">
    <ignored/>
  </testcase> <!-- @AfterSuite afterSuite -->
  <testcase classname="testcases.TestBase" name="@BeforeTest OpenBrower" time="0.0">
    <ignored/>
  </testcase> <!-- @BeforeTest OpenBrower -->
  <testcase classname="testcases.TestBase" name="@AfterSuite afterSuite" time="0.0">
    <ignored/>
  </testcase> <!-- @AfterSuite afterSuite -->
  <testcase classname="testcases.TC02_SignUpOrLoginPage" name="loginWithValidData_P" time="0.0">
    <ignored/>
  </testcase> <!-- loginWithValidData_P -->
  <testcase classname="testcases.TestBase" name="@AfterTest TearDown" time="0.0">
    <ignored/>
  </testcase> <!-- @AfterTest TearDown -->
  <testcase classname="testcases.TestBase" name="@AfterTest TearDown" time="0.0">
    <ignored/>
  </testcase> <!-- @AfterTest TearDown -->
  <testcase classname="testcases.TC02_SignUpOrLoginPage" name="verifyLoginToYourAccount" time="0.0">
    <ignored/>
  </testcase> <!-- verifyLoginToYourAccount -->
  <testcase classname="testcases.TestBase" name="@BeforeSuite beforeSuite" time="0.0">
    <ignored/>
  </testcase> <!-- @BeforeSuite beforeSuite -->
  <testcase classname="testcases.TestBase" name="@AfterTest TearDown" time="0.0">
    <ignored/>
  </testcase> <!-- @AfterTest TearDown -->
  <testcase classname="testcases.TestBase" name="@BeforeTest OpenBrower" time="0.0">
    <ignored/>
  </testcase> <!-- @BeforeTest OpenBrower -->
  <testcase classname="testcases.TestBase" name="@BeforeSuite beforeSuite" time="0.0">
    <ignored/>
  </testcase> <!-- @BeforeSuite beforeSuite -->
  <testcase classname="testcases.TestBase" name="@BeforeTest OpenBrower" time="0.0">
    <ignored/>
  </testcase> <!-- @BeforeTest OpenBrower -->
  <testcase classname="testcases.TestBase" name="@AfterTest TearDown" time="0.0">
    <ignored/>
  </testcase> <!-- @AfterTest TearDown -->
  <testcase classname="testcases.TestBase" name="@BeforeSuite beforeSuite" time="0.0">
    <ignored/>
  </testcase> <!-- @BeforeSuite beforeSuite -->
  <testcase classname="testcases.TestBase" name="@BeforeSuite beforeSuite" time="0.0">
    <ignored/>
  </testcase> <!-- @BeforeSuite beforeSuite -->
  <testcase classname="testcases.TestBase" name="@AfterSuite afterSuite" time="0.0">
    <ignored/>
  </testcase> <!-- @AfterSuite afterSuite -->
  <testcase classname="testcases.TestBase" name="@AfterSuite afterSuite" time="0.0">
    <ignored/>
  </testcase> <!-- @AfterSuite afterSuite -->
  <testcase classname="testcases.TestBase" name="@BeforeTest OpenBrower" time="0.0">
    <ignored/>
  </testcase> <!-- @BeforeTest OpenBrower -->
</testsuite> <!-- TC01 test sign up flow -->
