<?xml version="1.0" encoding="UTF-8"?>
<testng-results ignored="0" total="7" passed="7" failed="0" skipped="0">
  <reporter-output>
  </reporter-output>
  <suite started-at="2025-05-25T15:50:32 EEST" name="sprint1" finished-at="2025-05-25T15:50:48 EEST" duration-ms="16210">
    <groups>
    </groups>
    <test started-at="2025-05-25T15:50:32 EEST" name="TC01 test sign up flow" finished-at="2025-05-25T15:50:48 EEST" duration-ms="16210">
      <class name="testcases.TC03_RegisterAccountInformationPage">
        <test-method signature="verifyAccountInformationSectionVisible()[pri:1, instance:testcases.TC03_RegisterAccountInformationPage@5e403b4a]" started-at="2025-05-25T15:50:40 EEST" name="verifyAccountInformationSectionVisible" description="Verify &#039;ENTER ACCOUNT INFORMATION&#039; section is displayed" finished-at="2025-05-25T15:50:40 EEST" duration-ms="193" status="PASS">
          <reporter-output>
          </reporter-output>
        </test-method> <!-- verifyAccountInformationSectionVisible -->
        <test-method signature="fillAndSubmitRegistrationForm()[pri:2, instance:testcases.TC03_RegisterAccountInformationPage@5e403b4a]" started-at="2025-05-25T15:50:40 EEST" name="fillAndSubmitRegistrationForm" description="Fill out registration form and submit successfully" finished-at="2025-05-25T15:50:45 EEST" duration-ms="4449" status="PASS">
          <reporter-output>
          </reporter-output>
        </test-method> <!-- fillAndSubmitRegistrationForm -->
      </class> <!-- testcases.TC03_RegisterAccountInformationPage -->
      <class name="testcases.TC04_AccountCreatedPage">
        <test-method signature="verifyAccountCreatedAndClickContinue()[pri:1, instance:testcases.TC04_AccountCreatedPage@5117dd67]" started-at="2025-05-25T15:50:45 EEST" name="verifyAccountCreatedAndClickContinue" description="Verify &#039;ACCOUNT CREATED!&#039; message and click Continue" finished-at="2025-05-25T15:50:48 EEST" duration-ms="2873" status="PASS">
          <reporter-output>
          </reporter-output>
        </test-method> <!-- verifyAccountCreatedAndClickContinue -->
      </class> <!-- testcases.TC04_AccountCreatedPage -->
      <class name="testcases.TC02_SignUpOrLoginPage">
        <test-method signature="verifySignupPageVisable()[pri:1, instance:testcases.TC02_SignUpOrLoginPage@2609b277]" started-at="2025-05-25T15:50:39 EEST" name="verifySignupPageVisable" description="Validate new user Sign Up text is displayed" finished-at="2025-05-25T15:50:39 EEST" duration-ms="30" status="PASS">
          <reporter-output>
          </reporter-output>
        </test-method> <!-- verifySignupPageVisable -->
        <test-method signature="isNewUserSignUpTextDisplayed_P()[pri:2, instance:testcases.TC02_SignUpOrLoginPage@2609b277]" started-at="2025-05-25T15:50:39 EEST" name="isNewUserSignUpTextDisplayed_P" description="Sign up new user with valid data" finished-at="2025-05-25T15:50:40 EEST" duration-ms="1436" status="PASS">
          <reporter-output>
          </reporter-output>
        </test-method> <!-- isNewUserSignUpTextDisplayed_P -->
      </class> <!-- testcases.TC02_SignUpOrLoginPage -->
      <class name="testcases.TC05_DeleteAccountPage">
        <test-method signature="verifyAccountDeletedAndClickContinue()[pri:1, instance:testcases.TC05_DeleteAccountPage@5be49b60]" started-at="2025-05-25T15:50:48 EEST" name="verifyAccountDeletedAndClickContinue" description="Verify &#039;ACCOUNT DELETED!&#039; message and click Continue" finished-at="2025-05-25T15:50:48 EEST" duration-ms="195" status="PASS">
          <reporter-output>
          </reporter-output>
        </test-method> <!-- verifyAccountDeletedAndClickContinue -->
      </class> <!-- testcases.TC05_DeleteAccountPage -->
      <class name="testcases.TC01_HomePage">
        <test-method is-config="true" signature="beforeSuite()[pri:0, instance:testcases.TC01_HomePage@4032d386]" started-at="2025-05-25T15:50:32 EEST" name="beforeSuite" finished-at="2025-05-25T15:50:32 EEST" duration-ms="85" status="PASS">
          <reporter-output>
          </reporter-output>
        </test-method> <!-- beforeSuite -->
        <test-method is-config="true" signature="OpenBrower(java.lang.String)[pri:0, instance:testcases.TC01_HomePage@4032d386]" started-at="2025-05-25T15:50:32 EEST" name="OpenBrower" finished-at="2025-05-25T15:50:36 EEST" duration-ms="3938" status="PASS">
          <params>
            <param index="0">
              <value>
                <![CDATA[fr]]>
              </value>
            </param>
          </params>
          <reporter-output>
          </reporter-output>
        </test-method> <!-- OpenBrower -->
        <test-method signature="verifyHomePageAndClickSignUpOrLogin_P()[pri:1, instance:testcases.TC01_HomePage@4032d386]" started-at="2025-05-25T15:50:36 EEST" name="verifyHomePageAndClickSignUpOrLogin_P" description="Verify Home Page contains expected text and navigate to SignUp/Login" finished-at="2025-05-25T15:50:39 EEST" duration-ms="2774" status="PASS">
          <reporter-output>
          </reporter-output>
        </test-method> <!-- verifyHomePageAndClickSignUpOrLogin_P -->
        <test-method is-config="true" signature="TearDown()[pri:0, instance:testcases.TC01_HomePage@4032d386]" started-at="2025-05-25T15:50:48 EEST" name="TearDown" finished-at="2025-05-25T15:50:48 EEST" duration-ms="239" status="PASS">
          <reporter-output>
          </reporter-output>
        </test-method> <!-- TearDown -->
        <test-method is-config="true" signature="afterSuite()[pri:0, instance:testcases.TC01_HomePage@4032d386]" started-at="2025-05-25T15:50:48 EEST" name="afterSuite" finished-at="2025-05-25T15:50:48 EEST" duration-ms="4" status="PASS">
          <reporter-output>
          </reporter-output>
        </test-method> <!-- afterSuite -->
      </class> <!-- testcases.TC01_HomePage -->
    </test> <!-- TC01 test sign up flow -->
  </suite> <!-- sprint1 -->
  <suite started-at="2025-05-25T15:50:48 EEST" name="AutomationExercise" finished-at="2025-05-25T15:50:48 EEST" duration-ms="0">
    <groups>
    </groups>
  </suite> <!-- AutomationExercise -->
</testng-results>
