<?xml version="1.0" encoding="UTF-8"?>
<testsuite xmlns:xsi="http://www.w3.org/2001/XMLSchema-instance" xsi:noNamespaceSchemaLocation="https://maven.apache.org/surefire/maven-surefire-plugin/xsd/surefire-test-report-3.0.xsd" version="3.0" name="TestSuite" time="16.96" tests="7" errors="0" skipped="0" failures="0">
  <properties>
[...]
</properties>
  <testcase name="verifyHomePageAndClickSignUpOrLogin_P" classname="testcases.TC01_HomePage" time="2.813">
    <system-err><![CDATA[log4j:WARN No appenders could be found for logger (org.testng.TestNG).
log4j:WARN Please initialize the log4j system properly.
log4j:WARN See http://logging.apache.org/log4j/1.2/faq.html#noconfig for more info.
May 25, 2025 3:50:35 PM org.openqa.selenium.devtools.CdpVersionFinder findNearestMatch
WARNING: Unable to find CDP implementation matching 136
May 25, 2025 3:50:35 PM org.openqa.selenium.chromium.ChromiumDriver lambda$new$5
WARNING: Unable to find version of CDP to use for 136.0.7103.114. You may need to include a dependency on a specific version of the CDP using something similar to `org.seleniumhq.selenium:selenium-devtools-v86:4.27.0` where the version ("v86") matches the version of the chromium-based browser you're using and the version number of the artifact is the same as Selenium's.
]]></system-err>
  </testcase>
  <testcase name="verifySignupPageVisable" classname="testcases.TC02_SignUpOrLoginPage" time="0.034"/>
  <testcase name="isNewUserSignUpTextDisplayed_P" classname="testcases.TC02_SignUpOrLoginPage" time="1.442"/>
  <testcase name="verifyAccountInformationSectionVisible" classname="testcases.TC03_RegisterAccountInformationPage" time="0.193"/>
  <testcase name="fillAndSubmitRegistrationForm" classname="testcases.TC03_RegisterAccountInformationPage" time="4.451"/>
  <testcase name="verifyAccountCreatedAndClickContinue" classname="testcases.TC04_AccountCreatedPage" time="2.875"/>
  <testcase name="verifyAccountDeletedAndClickContinue" classname="testcases.TC05_DeleteAccountPage" time="0.196"/>
</testsuite>